<?xml version="1.0" encoding="UTF-8" ?>
<testsuite tests="3" failures="0" name="chatsystem.network.UDPBroadcastTest" time="1.103" errors="0" skipped="0">
  <properties>
[...]
</properties>
  <testcase classname="chatsystem.network.UDPBroadcastTest" name="SendReceiveContacts" time="0.883"/>
  <testcase classname="chatsystem.network.UDPBroadcastTest" name="Simple_Interaction" time="0.109"/>
  <testcase classname="chatsystem.network.UDPBroadcastTest" name="Nickname_Update" time="0.111"/>
</testsuite>